On branch main
Your branch is up to date with 'origin/main'.

Untracked files:
  (use "git add <file>..." to include in what will be committed)
	.local.git.out
	Makefile
	main.c

nothing added to commit but untracked files present (use "git add" to track)
[main 69df943] Commit from Makefile
 3 files changed, 23 insertions(+)
 create mode 100644 .local.git.out
 create mode 100644 Makefile
 create mode 100644 main.c
[main 8dfc665] Commit from Makefile
 2 files changed, 6 insertions(+), 1 deletion(-)
[main a49b141] Commit from Makefile
 1 file changed, 2 insertions(+)
[main bb2c8e3] Commit from Makefile
 1 file changed, 2 insertions(+)
[main 6935893] Commit from Makefile
 2 files changed, 3 insertions(+), 1 deletion(-)
[main 9b9c9a0] Commit from Makefile
 1 file changed, 3 insertions(+), 3 deletions(-)
[main b2d4353] Commit from Makefile
 2 files changed, 3 insertions(+), 1 deletion(-)
[main cdc4eef] Commit from Makefile
 2 files changed, 3 insertions(+), 1 deletion(-)
On branch main
Your branch is up to date with 'origin/main'.

nothing to commit, working tree clean
[main 3fc2e8c] Commit from Makefile
 1 file changed, 4 insertions(+)
[main eb4ef15] Commit from Makefile
 1 file changed, 2 insertions(+)
[main 9ca8049] Commit from Makefile
 1 file changed, 2 insertions(+)
[main 85cb043] Commit from Makefile
 1 file changed, 2 insertions(+)
[main b7c51dc] Commit from Makefile
 1 file changed, 2 insertions(+)
[main e26cabe] Commit from Makefile
 1 file changed, 2 insertions(+)
